jquery-migrate.min.js?ver=3.3.2:2 JQMIGRATE: Migrate is installed, version 3.3.2
console.log(JSON. stringify(
{
title:document.querySelector('.exTtl').textContent,
equipment:document.querySelector('.i1 .metaVal .ffGothamMedium').textContent,
primary: Array.prototype.slice.call(document.querySelectorAll('.i2 .metaVal .ffGothamMedium')).map(element=>element.textContent),
secondary: Array.prototype.slice.call(document.querySelectorAll('.i3 .metaVal .ffGothamMedium')).map(element=>element.textContent),
description:Array.prototype.slice.call(document.querySelectorAll('.exMeta .right ol li')).map(element=>element.textContent),
img_url:document.querySelector('.exAnim').dataset.murl
}
))
VM57:1 {"title":"Bodyweight Calf Raises","equipment":"NO EQUIPMENT","primary":["Calves"],"secondary":[],"description":[],"img_url":"https://workoutlabs.com/train/svg.php?id=31171&a=1"}
undefined
console.log(JSON. stringify(
{
title:document.querySelector('.exTtl').textContent,
equipment:document.querySelector('.i1 .metaVal .ffGothamMedium').textContent,
primary: Array.prototype.slice.call(document.querySelectorAll('.i2 .metaVal .ffGothamMedium')).map(element=>element.textContent),
secondary: Array.prototype.slice.call(document.querySelectorAll('.i3 .metaVal .ffGothamMedium')).map(element=>element.textContent),
description:Array.prototype.slice.call(document.querySelectorAll('.exMeta .right ol li')).map(element=>element.textContent),
img_url:document.querySelector('.exAnim').dataset.murl
}
))
VM101:1 {"title":"Bodyweight Calf Raises","equipment":"NO EQUIPMENT","primary":["Calves"],"secondary":[],"description":[],"img_url":"https://workoutlabs.com/train/svg.php?id=31171&a=1"}
undefined
console.log(JSON. stringify(
{
title:document.querySelector('.exTtl').textContent,
equipment:document.querySelector('.i1 .metaVal .ffGothamMedium').textContent,
primary: Array.prototype.slice.call(document.querySelectorAll('.i2 .metaVal .ffGothamMedium')).map(element=>element.textContent),
secondary: Array.prototype.slice.call(document.querySelectorAll('.i3 .metaVal .ffGothamMedium')).map(element=>element.textContent),
description:Array.prototype.slice.call(document.querySelectorAll('.exMeta .right ul li')).map(element=>element.textContent),
img_url:document.querySelector('.exAnim').dataset.murl
}
))
VM732:1 {"title":"Bodyweight Calf Raises","equipment":"NO EQUIPMENT","primary":["Calves"],"secondary":[],"description":["Stand straight with a tight core and flat back.","Keep your hands at your sides or hold on to a wall for balance.","Bring your feet to be hip distance apart.","Focusing the tension in your calf muscles, slowly raise yourself up on to the balls of your feet.","Pause at the top of the movement and slowly return to the starting position."],"img_url":"https://workoutlabs.com/train/svg.php?id=31171&a=1"}
undefined
